d:\document\wacom-sherpa\user_hid\user_hid\x64\debug\user_hid.pch
d:\document\wacom-sherpa\user_hid\user_hid\x64\debug\vc141.pdb
d:\document\wacom-sherpa\user_hid\user_hid\x64\debug\vc141.idb
d:\document\wacom-sherpa\user_hid\user_hid\x64\debug\pch.obj
d:\document\wacom-sherpa\user_hid\user_hid\x64\debug\user_hid.obj
d:\document\wacom-sherpa\pc_tools\user_hid\user_hid\x64\debug\user_hid.pch
d:\document\wacom-sherpa\pc_tools\user_hid\user_hid\x64\debug\vc141.pdb
d:\document\wacom-sherpa\pc_tools\user_hid\user_hid\x64\debug\vc141.idb
d:\document\wacom-sherpa\pc_tools\user_hid\user_hid\x64\debug\pch.obj
d:\document\wacom-sherpa\pc_tools\user_hid\user_hid\x64\debug\user_hid.obj
d:\document\wacom-sherpa\pc_tools\user_hid\x64\debug\user_hid.pdb
d:\document\wacom-sherpa\pc_tools\user_hid\user_hid\x64\debug\user_hid.tlog\cl.command.1.tlog
d:\document\wacom-sherpa\pc_tools\user_hid\user_hid\x64\debug\user_hid.tlog\cl.read.1.tlog
d:\document\wacom-sherpa\pc_tools\user_hid\user_hid\x64\debug\user_hid.tlog\cl.write.1.tlog
d:\document\wacom-sherpa\pc_tools\user_hid\user_hid\x64\debug\user_hid.tlog\link-cvtres.read.1.tlog
d:\document\wacom-sherpa\pc_tools\user_hid\user_hid\x64\debug\user_hid.tlog\link-cvtres.write.1.tlog
d:\document\wacom-sherpa\pc_tools\user_hid\user_hid\x64\debug\user_hid.tlog\link-rc.read.1.tlog
d:\document\wacom-sherpa\pc_tools\user_hid\user_hid\x64\debug\user_hid.tlog\link-rc.write.1.tlog
d:\document\wacom-sherpa\pc_tools\user_hid\user_hid\x64\debug\user_hid.tlog\link.command.1.tlog
d:\document\wacom-sherpa\pc_tools\user_hid\user_hid\x64\debug\user_hid.tlog\link.read.1.tlog
d:\document\wacom-sherpa\pc_tools\user_hid\user_hid\x64\debug\user_hid.tlog\link.write.1.tlog
